<?xml version="1.0" encoding="UTF-8"?>
<testng-results ignored="0" total="1" passed="1" failed="0" skipped="0">
  <reporter-output>
  </reporter-output>
  <suite started-at="2024-03-30T23:40:52 IST" name="Suite" finished-at="2024-03-30T23:41:01 IST" duration-ms="9682">
    <groups>
      <group name="Regression">
        <method signature="StandAlontTest.oneMore()[pri:0, instance:rahulshettyacademy.StandAlontTest@a514af7]" name="oneMore" class="rahulshettyacademy.StandAlontTest"/>
      </group> <!-- Regression -->
    </groups>
    <test started-at="2024-03-30T23:40:52 IST" name="Test" finished-at="2024-03-30T23:41:01 IST" duration-ms="9682">
      <class name="rahulshettyacademy.StandAlontTest">
        <test-method signature="oneMore()[pri:0, instance:rahulshettyacademy.StandAlontTest@a514af7]" started-at="2024-03-30T23:40:52 IST" name="oneMore" finished-at="2024-03-30T23:41:01 IST" duration-ms="9653" status="PASS">
          <reporter-output>
          </reporter-output>
        </test-method> <!-- oneMore -->
      </class> <!-- rahulshettyacademy.StandAlontTest -->
    </test> <!-- Test -->
  </suite> <!-- Suite -->
</testng-results>
